#
# A fatal error has been detected by the Java Runtime Environment:
#
#  EXCEPTION_ILLEGAL_INSTRUCTION (0xc000001d) at pc=0x000001bb3152722a, pid=3192, tid=10712
#
# JRE version: Java(TM) SE Runtime Environment (18.0.1.1+2) (build 18.0.1.1+2-6)
# Java VM: Java HotSpot(TM) 64-Bit Server VM (18.0.1.1+2-6, mixed mode, emulated-client, sharing, tiered, compressed oops, compressed class ptrs, g1 gc, windows-amd64)
# Problematic frame:
# J 522 c1 sun.invoke.util.Wrapper.findPrimitiveType(Ljava/lang/Class;)Lsun/invoke/util/Wrapper; java.base@18.0.1.1 (25 bytes) @ 0x000001bb3152722a [0x000001bb31527060+0x00000000000001ca]
#
# No core dump will be written. Minidumps are not enabled by default on client versions of Windows
#
# If you would like to submit a bug report, please visit:
#   https://bugreport.java.com/bugreport/crash.jsp
#

---------------  S U M M A R Y ------------

Command Line: -agentlib:jdwp=transport=dt_socket,address=127.0.0.1:61906,suspend=y,server=n -XX:TieredStopAtLevel=1 -Dspring.output.ansi.enabled=always -Dcom.sun.management.jmxremote -Dspring.jmx.enabled=true -Dspring.liveBeansView.mbeanDomain -Dspring.application.admin.enabled=true -javaagent:C:\Users\andre\AppData\Local\JetBrains\Toolbox\apps\IDEA-U\ch-0\222.3345.118\plugins\java\lib\rt\debugger-agent.jar -Dfile.encoding=UTF-8 com.example.homework.HomeworkApplication

Host: AMD A8-3870 APU with Radeon(tm) HD Graphics, 4 cores, 15G,  Windows 10 , 64 bit Build 19041 (10.0.19041.1889)
Time: Fri Sep  2 00:34:18 2022 FLE Daylight Time elapsed time: 1.979552 seconds (0d 0h 0m 1s)

---------------  T H R E A D  ---------------

Current thread (0x000001bb29a21d10):  JavaThread "main" [_thread_in_Java, id=10712, stack(0x0000008c10e00000,0x0000008c10f00000)]

Stack: [0x0000008c10e00000,0x0000008c10f00000],  sp=0x0000008c10efc520,  free space=1009k
Native frames: (J=compiled Java code, j=interpreted, Vv=VM code, C=native code)
C  0x000001bb3152722a


siginfo: EXCEPTION_ILLEGAL_INSTRUCTION (0xc000001d)


Register to memory mapping:

RIP=0x000001bb3152722a is at entry_point+458 in (nmethod*)0x000001bb31526e90
Compiled method (c1)    1989  522       1       sun.invoke.util.Wrapper::findPrimitiveType (25 bytes)
 total in heap  [0x000001bb31526e90,0x000001bb31527790] = 2304
 relocation     [0x000001bb31526fe8,0x000001bb31527050] = 104
 main code      [0x000001bb31527060,0x000001bb315273e0] = 896
 stub code      [0x000001bb315273e0,0x000001bb31527428] = 72
 oops           [0x000001bb31527428,0x000001bb31527438] = 16
 metadata       [0x000001bb31527438,0x000001bb315274a8] = 112
 scopes data    [0x000001bb315274a8,0x000001bb315275f8] = 336
 scopes pcs     [0x000001bb315275f8,0x000001bb31527738] = 320
 dependencies   [0x000001bb31527738,0x000001bb31527758] = 32
 nul chk table  [0x000001bb31527758,0x000001bb31527790] = 56
RAX=0x00000000000000da is an unknown value
RBX=0x000000000000006c is an unknown value
RCX=0x0 is NULL
RDX=0x0000000000000004 is an unknown value
RSP=0x0000008c10efc520 is pointing into the stack for thread: 0x000001bb29a21d10
RBP=0x0000008c10efc650 is pointing into the stack for thread: 0x000001bb29a21d10
RSI=0x000000071050d698 is an oop: java.lang.String 
{0x000000071050d698} - klass: 'java/lang/String'
 - string: "long"
 - ---- fields (total size 3 words):
 - private 'hash' 'I' @12  3327612 (32c67c)
 - private final 'coder' 'B' @16  0
 - private 'hashIsZero' 'Z' @17  false
 - abstract internal 'flags' 'B' @18  0
 - private final synchronized 'value' '[B' @20  [B{0x000000071050d6b0} (e20a1ad6)
RDI=0x0000000000000010 is an unknown value
R8 =0x0000000000000001 is an unknown value
R9 =0x000000070fa2af30 is an oop: java.lang.invoke.LambdaForm$Name 
{0x000000070fa2af30} - klass: 'java/lang/invoke/LambdaForm$Name'
 - ---- fields (total size 4 words):
 - synchronized 'index' 'S' @12  6
 - final 'type' 'Ljava/lang/invoke/LambdaForm$BasicType;' @16  a 'java/lang/invoke/LambdaForm$BasicType'{0x0000000710511b10} (e20a2362)
 - final 'function' 'Ljava/lang/invoke/LambdaForm$NamedFunction;' @20  a 'java/lang/invoke/LambdaForm$NamedFunction'{0x000000070fa29fe0} (e1f453fc)
 - final 'constraint' 'Ljava/lang/Object;' @24  NULL (0)
 - final synchronized 'arguments' '[Ljava/lang/Object;' @28  a 'java/lang/Object'[5] {0x000000070fa2af50} (e1f455ea)
R10=0x00007ff95beb7930 jvm.dll
R11=0x000001bb31527060 is at entry_point+0 in (nmethod*)0x000001bb31526e90
Compiled method (c1)    2282  522       1       sun.invoke.util.Wrapper::findPrimitiveType (25 bytes)
 total in heap  [0x000001bb31526e90,0x000001bb31527790] = 2304
 relocation     [0x000001bb31526fe8,0x000001bb31527050] = 104
 main code      [0x000001bb31527060,0x000001bb315273e0] = 896
 stub code      [0x000001bb315273e0,0x000001bb31527428] = 72
 oops           [0x000001bb31527428,0x000001bb31527438] = 16
 metadata       [0x000001bb31527438,0x000001bb315274a8] = 112
 scopes data    [0x000001bb315274a8,0x000001bb315275f8] = 336
 scopes pcs     [0x000001bb315275f8,0x000001bb31527738] = 320
 dependencies   [0x000001bb31527738,0x000001bb31527758] = 32
 nul chk table  [0x000001bb31527758,0x000001bb31527790] = 56
R12=0x0 is NULL
R13=0x0000008c10efc600 is pointing into the stack for thread: 0x000001bb29a21d10
R14=0x0000008c10efc668 is pointing into the stack for thread: 0x000001bb29a21d10
R15=0x000001bb29a21d10 is a thread


Registers:
RAX=0x00000000000000da, RBX=0x000000000000006c, RCX=0x0000000000000000, RDX=0x0000000000000004
RSP=0x0000008c10efc520, RBP=0x0000008c10efc650, RSI=0x000000071050d698, RDI=0x0000000000000010
R8 =0x0000000000000001, R9 =0x000000070fa2af30, R10=0x00007ff95beb7930, R11=0x000001bb31527060
R12=0x0000000000000000, R13=0x0000008c10efc600, R14=0x0000008c10efc668, R15=0x000001bb29a21d10
RIP=0x000001bb3152722a, EFLAGS=0x0000000000010a83

Top of Stack: (sp=0x0000008c10efc520)
0x0000008c10efc520:   0000008c10efc5b0 000001bb31359db2
0x0000008c10efc530:   0000008c10efc5b0 000001bb31359db2
0x0000008c10efc540:   000000070fa2b3d0 000000070fa2c950
0x0000008c10efc550:   0000000000000013 00000000000000c0
0x0000008c10efc560:   000000070fa2bdb0 0000008c10efc568
0x0000008c10efc570:   0000000800a3a0d9 0000008c10efc5e0
0x0000008c10efc580:   0000000800363b00 0000000000000000
0x0000008c10efc590:   000000071051bf58 0000000800365338
0x0000008c10efc5a0:   0000000000000000 0000008c10efc5d0
0x0000008c10efc5b0:   0000008c10efc630 000001bb31359db2
0x0000008c10efc5c0:   0000000710400530 000000070fa2c950
0x0000008c10efc5d0:   000001bb29a21d10 0000008c10efc758
0x0000008c10efc5e0:   0000008c10efc650 000001bb3135a2e4
0x0000008c10efc5f0:   000001bb315a20c0 000001bb3135a2e4
0x0000008c10efc600:   0000000710400530 0000008c10efc608
0x0000008c10efc610:   0000000800736409 0000008c10efc668 

Instructions: (pc=0x000001bb3152722a)
0x000001bb3152712a:   0f be 58 10 81 e3 ff 00 00 00 81 e3 ff ff 00 00
0x000001bb3152713a:   81 e3 ff ff 00 00 e9 3b 00 00 00 48 8b da d1 fb
0x000001bb3152714a:   b9 00 00 00 00 49 b8 00 21 41 10 07 00 00 00 41
0x000001bb3152715a:   b8 00 00 00 00 41 3b c8 0f 8c 91 01 00 00 3b cb
0x000001bb3152716a:   0f 8d 96 01 00 00 0f b7 58 10 81 e3 ff ff 00 00
0x000001bb3152717a:   81 e3 ff ff 00 00 83 ff 00 bf 00 00 00 00 0f 85
0x000001bb3152718a:   05 00 00 00 bf 01 00 00 00 83 e7 01 83 ff 00 0f
0x000001bb3152719a:   84 48 00 00 00 bf 02 00 00 00 48 b9 00 21 41 10
0x000001bb315271aa:   07 00 00 00 b9 00 00 00 00 3b f9 0f 8c 58 01 00
0x000001bb315271ba:   00 3b fa 0f 8d 5d 01 00 00 83 fa 02 0f 86 61 01
0x000001bb315271ca:   00 00 0f be 40 12 81 e0 ff 00 00 00 81 e0 ff ff
0x000001bb315271da:   00 00 81 e0 ff ff 00 00 e9 36 00 00 00 d1 fa bf
0x000001bb315271ea:   02 00 00 00 48 b9 00 21 41 10 07 00 00 00 b9 00
0x000001bb315271fa:   00 00 00 3b f9 0f 8c 3a 01 00 00 3b fa 0f 8d 3f
0x000001bb3152720a:   01 00 00 0f b7 40 14 81 e0 ff ff 00 00 81 e0 ff
0x000001bb3152721a:   ff 00 00 03 c3 bf 10 00 00 00 81 f8 00 00 00 80
0x000001bb3152722a:   07 85 0b 00 00 00 33 d2 83 ff ff 0f 84 03 00 00
0x000001bb3152723a:   00 99 f7 ff 48 8b f2 48 b8 88 db 50 10 07 00 00
0x000001bb3152724a:   00 bf 10 00 00 00 3b fe 0f 86 06 01 00 00 48 63
0x000001bb3152725a:   f6 8b 74 b0 10 48 c1 e6 03 48 83 fe 00 0f 84 18
0x000001bb3152726a:   00 00 00 48 8b 94 24 a0 00 00 00 8b 46 20 48 c1
0x000001bb3152727a:   e0 03 48 3b c2 0f 84 20 00 00 00 48 b8 00 00 00
0x000001bb3152728a:   00 00 00 00 00 48 81 c4 c0 00 00 00 5d 49 3b a7
0x000001bb3152729a:   38 03 00 00 0f 87 d2 00 00 00 c3 48 8b c6 48 81
0x000001bb315272aa:   c4 c0 00 00 00 5d 49 3b a7 38 03 00 00 0f 87 cf
0x000001bb315272ba:   00 00 00 c3 e8 dd d1 f2 ff e8 d8 d1 f2 ff e8 d3
0x000001bb315272ca:   d1 f2 ff 48 c7 04 24 e4 ff ff ff e8 a6 0a f3 ff
0x000001bb315272da:   48 c7 04 24 e4 ff ff ff e8 99 0a f3 ff 48 c7 04
0x000001bb315272ea:   24 00 00 00 00 48 89 44 24 08 e8 a7 c8 f2 ff 48
0x000001bb315272fa:   c7 04 24 e4 ff ff ff e8 7a 0a f3 ff 48 c7 04 24
0x000001bb3152730a:   e4 ff ff ff e8 6d 0a f3 ff 48 c7 04 24 e4 ff ff
0x000001bb3152731a:   ff e8 60 0a f3 ff 48 c7 04 24 e4 ff ff ff e8 53 


Stack slot to memory mapping:
stack at sp + 0 slots: 0x0000008c10efc5b0 is pointing into the stack for thread: 0x000001bb29a21d10
stack at sp + 1 slots: 0x000001bb31359db2 is at code_begin+3186 in an Interpreter codelet
return entry points  [0x000001bb31359140, 0x000001bb3135b080]  8000 bytes
stack at sp + 2 slots: 0x0000008c10efc5b0 is pointing into the stack for thread: 0x000001bb29a21d10
stack at sp + 3 slots: 0x000001bb31359db2 is at code_begin+3186 in an Interpreter codelet
return entry points  [0x000001bb31359140, 0x000001bb3135b080]  8000 bytes
stack at sp + 4 slots: 0x000000070fa2b3d0 is an oop: jdk.internal.org.objectweb.asm.SymbolTable 
{0x000000070fa2b3d0} - klass: 'jdk/internal/org/objectweb/asm/SymbolTable'
 - ---- fields (total size 8 words):
 - private 'majorVersion' 'I' @12  62 (3e)
 - private 'entryCount' 'I' @16  24 (18)
 - private 'constantPoolCount' 'I' @20  22 (16)
 - private 'bootstrapMethodCount' 'I' @24  0
 - private 'typeCount' 'I' @28  3
 - final 'classWriter' 'Ljdk/internal/org/objectweb/asm/ClassWriter;' @32  a 'jdk/internal/org/objectweb/asm/ClassWriter'{0x000000070fa2b338} (e1f45667)
 - private final 'sourceClassReader' 'Ljdk/internal/org/objectweb/asm/ClassReader;' @36  NULL (0)
 - private 'className' 'Ljava/lang/String;' @40  "java/lang/invoke/LambdaForm$MH"{0x000000070fa2b290} (e1f45652)
 - private 'entries' '[Ljdk/internal/org/objectweb/asm/SymbolTable$Entry;' @44  a 'jdk/internal/org/objectweb/asm/SymbolTable$Entry'[256] {0x000000070fa2b410} (e1f45682)
 - private 'constantPool' 'Ljdk/internal/org/objectweb/asm/ByteVector;' @48  a 'jdk/internal/org/objectweb/asm/ByteVector'{0x000000070fa2b820} (e1f45704)
 - private 'bootstrapMethods' 'Ljdk/internal/org/objectweb/asm/ByteVector;' @52  NULL (0)
 - private 'typeTable' '[Ljdk/internal/org/objectweb/asm/SymbolTable$Entry;' @56  a 'jdk/internal/org/objectweb/asm/SymbolTable$Entry'[16] {0x000000070fa2c560} (e1f458ac)
stack at sp + 5 slots: 0x000000070fa2c950 is an oop: jdk.internal.org.objectweb.asm.SymbolTable$Entry 
{0x000000070fa2c950} - klass: 'jdk/internal/org/objectweb/asm/SymbolTable$Entry'
 - ---- fields (total size 7 words):
 - final 'index' 'I' @12  21 (15)
 - final 'data' 'J' @16  0 (0 0)
 - final 'tag' 'I' @24  7
 - 'info' 'I' @28  0
 - final 'owner' 'Ljava/lang/String;' @32  NULL (0)
 - final 'name' 'Ljava/lang/String;' @36  NULL (0)
 - final 'value' 'Ljava/lang/String;' @40  "java/lang/invoke/MethodHandle"{0x0000000710512cb8} (e20a2597)
 - final 'hashCode' 'I' @44  85913715 (51ef073)
 - 'next' 'Ljdk/internal/org/objectweb/asm/SymbolTable$Entry;' @48  NULL (0)
stack at sp + 6 slots: 0x0000000000000013 is an unknown value
stack at sp + 7 slots: 0x00000000000000c0 is an unknown value


Compiled method (c1)    2300  522       1       sun.invoke.util.Wrapper::findPrimitiveType (25 bytes)
 total in heap  [0x000001bb31526e90,0x000001bb31527790] = 2304
 relocation     [0x000001bb31526fe8,0x000001bb31527050] = 104
 main code      [0x000001bb31527060,0x000001bb315273e0] = 896
 stub code      [0x000001bb315273e0,0x000001bb31527428] = 72
 oops           [0x000001bb31527428,0x000001bb31527438] = 16
 metadata       [0x000001bb31527438,0x000001bb315274a8] = 112
 scopes data    [0x000001bb315274a8,0x000001bb315275f8] = 336
 scopes pcs     [0x000001bb315275f8,0x000001bb31527738] = 320
 dependencies   [0x000001bb31527738,0x000001bb31527758] = 32
 nul chk table  [0x000001bb31527758,0x000001bb31527790] = 56

[Constant Pool (empty)]

[MachCode]
[Verified Entry Point]
  # {method} {0x0000000800112f70} 'findPrimitiveType' '(Ljava/lang/Class;)Lsun/invoke/util/Wrapper;' in 'sun/invoke/util/Wrapper'
  # parm0:    rdx:rdx   = 'java/lang/Class'
  #           [sp+0xd0]  (sp of caller)
  0x000001bb31527060: 8984 2400 | 90ff ff55 | 4881 ecc0 | 0000 008b | 722c 48c1 | e603 4883 | fe00 0f84 | 0d00 0000 
  0x000001bb31527080: 4889 9424 | a000 0000 | e922 0000 | 0048 89b4 | 24a8 0000 | 0048 8bfa | 488b d748 | 89bc 24a0 
  0x000001bb315270a0: 0000 000f 

  0x000001bb315270a4: ;   {optimized virtual_call}
  0x000001bb315270a4: 1f40 00e8 

  0x000001bb315270a8: ; ImmutableOopMap {[168]=Oop [160]=Oop }
                      ;*invokevirtual initClassName {reexecute=0 rethrow=0 return_oop=0}
                      ; - java.lang.Class::getName@14 (line 895)
                      ; - sun.invoke.util.Wrapper::hashPrim@1 (line 362)
                      ; - sun.invoke.util.Wrapper::findPrimitiveType@4 (line 298)
  0x000001bb315270a8: d45c e7ff | 488b f08b | 4614 48c1 | e003 8b50 | 0c0f be7e | 1048 8bcf | c1e1 18c1 | f918 488b 
  0x000001bb315270c8: dad3 fb83 | fb03 0f8d | 0a00 0000 | be00 0000 | 00e9 6301 | 0000 83ff | 00bb 0000 | 0000 0f85 
  0x000001bb315270e8: 0500 0000 | bb01 0000 | 0083 e301 | 83fb 000f | 8448 0000 | 00bb 0000 

  0x000001bb31527100: ;   {oop(a 'jdk/internal/util/Preconditions$4'{0x0000000710412100})}
  0x000001bb31527100: 0000 48b9 | 0021 4110 | 0700 0000 | b900 0000 | 003b d90f | 8cb4 0100 | 003b da0f | 8db9 0100 
  0x000001bb31527120: 0083 fa00 | 0f86 bd01 | 0000 0fbe | 5810 81e3 | ff00 0000 | 81e3 ffff | 0000 81e3 | ffff 0000 
  0x000001bb31527140: e93b 0000 | 0048 8bda | d1fb b900 

  0x000001bb3152714c: ;   {oop(a 'jdk/internal/util/Preconditions$4'{0x0000000710412100})}
  0x000001bb3152714c: 0000 0049 | b800 2141 | 1007 0000 | 0041 b800 | 0000 0041 | 3bc8 0f8c | 9101 0000 | 3bcb 0f8d 
  0x000001bb3152716c: 9601 0000 | 0fb7 5810 | 81e3 ffff | 0000 81e3 | ffff 0000 | 83ff 00bf | 0000 0000 | 0f85 0500 
  0x000001bb3152718c: 0000 bf01 | 0000 0083 | e701 83ff | 000f 8448 | 0000 00bf | 0200 0000 

  0x000001bb315271a4: ;   {oop(a 'jdk/internal/util/Preconditions$4'{0x0000000710412100})}
  0x000001bb315271a4: 48b9 0021 | 4110 0700 | 0000 b900 | 0000 003b | f90f 8c58 | 0100 003b | fa0f 8d5d | 0100 0083 
  0x000001bb315271c4: fa02 0f86 | 6101 0000 | 0fbe 4012 | 81e0 ff00 | 0000 81e0 | ffff 0000 | 81e0 ffff | 0000 e936 
  0x000001bb315271e4: 0000 00d1 | fabf 0200 

  0x000001bb315271ec: ;   {oop(a 'jdk/internal/util/Preconditions$4'{0x0000000710412100})}
  0x000001bb315271ec: 0000 48b9 | 0021 4110 | 0700 0000 | b900 0000 | 003b f90f | 8c3a 0100 | 003b fa0f | 8d3f 0100 
  0x000001bb3152720c: 000f b740 | 1481 e0ff | ff00 0081 | e0ff ff00 | 0003 c3bf | 1000 0000 | 81f8 0000 | 0080 0785 
  0x000001bb3152722c: 0b00 0000 | 33d2 83ff | ff0f 8403 | 0000 0099 

  0x000001bb3152723c: ; implicit exception: dispatches to 0x000001bb31527359
  0x000001bb3152723c: f7ff 488b 

  0x000001bb31527240: ;   {oop(a 'sun/invoke/util/Wrapper'[16] {0x000000071050db88})}
  0x000001bb31527240: f248 b888 | db50 1007 | 0000 00bf | 1000 0000 | 3bfe 0f86 | 0601 0000 | 4863 f68b | 74b0 1048 
  0x000001bb31527260: c1e6 0348 | 83fe 000f | 8418 0000 | 0048 8b94 | 24a0 0000 | 008b 4620 | 48c1 e003 | 483b c20f 
  0x000001bb31527280: 8420 0000 

  0x000001bb31527284: ;   {oop(NULL)}
  0x000001bb31527284: 0048 b800 | 0000 0000 | 0000 0048 | 81c4 c000 

  0x000001bb31527294: ;   {poll_return}
  0x000001bb31527294: 0000 5d49 | 3ba7 3803 | 0000 0f87 | d200 0000 | c348 8bc6 | 4881 c4c0 | 0000 005d 

  0x000001bb315272b0: ;   {poll_return}
  0x000001bb315272b0: 493b a738 | 0300 000f | 87cf 0000 

  0x000001bb315272bc: ;   {runtime_call throw_null_pointer_exception Runtime1 stub}
  0x000001bb315272bc: 00c3 e8dd 

  0x000001bb315272c0: ; ImmutableOopMap {rdx=Oop }
                      ;*invokevirtual getName {reexecute=0 rethrow=0 return_oop=0}
                      ; - sun.invoke.util.Wrapper::hashPrim@1 (line 362)
                      ; - sun.invoke.util.Wrapper::findPrimitiveType@4 (line 298)
                      ;   {runtime_call throw_null_pointer_exception Runtime1 stub}
  0x000001bb315272c0: d1f2 ffe8 

  0x000001bb315272c4: ; ImmutableOopMap {[160]=Oop rsi=Oop }
                      ;*invokevirtual length {reexecute=0 rethrow=0 return_oop=0}
                      ; - sun.invoke.util.Wrapper::hashPrim@6 (line 363)
                      ; - sun.invoke.util.Wrapper::findPrimitiveType@4 (line 298)
  0x000001bb315272c4: d8d1 f2ff 

  0x000001bb315272c8: ;   {runtime_call throw_null_pointer_exception Runtime1 stub}
  0x000001bb315272c8: e8d3 d1f2 

  0x000001bb315272cc: ; ImmutableOopMap {[160]=Oop rsi=Oop rax=Oop }
                      ;*arraylength {reexecute=0 rethrow=0 return_oop=0}
                      ; - java.lang.String::length@4 (line 1479)
                      ; - sun.invoke.util.Wrapper::hashPrim@6 (line 363)
                      ; - sun.invoke.util.Wrapper::findPrimitiveType@4 (line 298)
  0x000001bb315272cc: ff48 c704 | 24e4 ffff 

  0x000001bb315272d4: ;   {runtime_call deoptimize Runtime1 stub}
  0x000001bb315272d4: ffe8 a60a 

  0x000001bb315272d8: ; ImmutableOopMap {[160]=Oop rax=Oop rsi=Oop }
                      ;*invokestatic checkIndex {reexecute=0 rethrow=0 return_oop=0}
                      ; - java.lang.String::checkIndex@5 (line 4557)
                      ; - java.lang.StringLatin1::charAt@3 (line 46)
                      ; - java.lang.String::charAt@12 (line 1515)
                      ; - sun.invoke.util.Wrapper::hashPrim@17 (line 364)
                      ; - sun.invoke.util.Wrapper::findPrimitiveType@4 (line 298)
  0x000001bb315272d8: f3ff 48c7 | 0424 e4ff 

  0x000001bb315272e0: ;   {runtime_call deoptimize Runtime1 stub}
  0x000001bb315272e0: ffff e899 

  0x000001bb315272e4: ; ImmutableOopMap {[160]=Oop rax=Oop rsi=Oop }
                      ;*invokestatic checkIndex {reexecute=0 rethrow=0 return_oop=0}
                      ; - java.lang.String::checkIndex@5 (line 4557)
                      ; - java.lang.StringLatin1::charAt@3 (line 46)
                      ; - java.lang.String::charAt@12 (line 1515)
                      ; - sun.invoke.util.Wrapper::hashPrim@17 (line 364)
                      ; - sun.invoke.util.Wrapper::findPrimitiveType@4 (line 298)
  0x000001bb315272e4: 0af3 ff48 | c704 2400 | 0000 0048 | 8944 2408 

  0x000001bb315272f4: ;   {runtime_call throw_range_check_failed Runtime1 stub}
  0x000001bb315272f4: e8a7 c8f2 

  0x000001bb315272f8: ; ImmutableOopMap {[160]=Oop rax=Oop rsi=Oop }
                      ;*baload {reexecute=0 rethrow=0 return_oop=0}
                      ; - java.lang.StringLatin1::charAt@8 (line 47)
                      ; - java.lang.String::charAt@12 (line 1515)
                      ; - sun.invoke.util.Wrapper::hashPrim@17 (line 364)
                      ; - sun.invoke.util.Wrapper::findPrimitiveType@4 (line 298)
  0x000001bb315272f8: ff48 c704 | 24e4 ffff 

  0x000001bb31527300: ;   {runtime_call deoptimize Runtime1 stub}
  0x000001bb31527300: ffe8 7a0a 

  0x000001bb31527304: ; ImmutableOopMap {[160]=Oop rax=Oop rsi=Oop }
                      ;*invokestatic checkIndex {reexecute=0 rethrow=0 return_oop=0}
                      ; - java.lang.String::checkIndex@5 (line 4557)
                      ; - java.lang.StringUTF16::checkIndex@5 (line 1624)
                      ; - java.lang.StringUTF16::charAt@2 (line 1421)
                      ; - java.lang.String::charAt@21 (line 1517)
                      ; - sun.invoke.util.Wrapper::hashPrim@17 (line 364)
                      ; - sun.invoke.util.Wrapper::findPrimitiveType@4 (line 298)
  0x000001bb31527304: f3ff 48c7 | 0424 e4ff 

  0x000001bb3152730c: ;   {runtime_call deoptimize Runtime1 stub}
  0x000001bb3152730c: ffff e86d 

  0x000001bb31527310: ; ImmutableOopMap {[160]=Oop rax=Oop rsi=Oop }
                      ;*invokestatic checkIndex {reexecute=0 rethrow=0 return_oop=0}
                      ; - java.lang.String::checkIndex@5 (line 4557)
                      ; - java.lang.StringUTF16::checkIndex@5 (line 1624)
                      ; - java.lang.StringUTF16::charAt@2 (line 1421)
                      ; - java.lang.String::charAt@21 (line 1517)
                      ; - sun.invoke.util.Wrapper::hashPrim@17 (line 364)
                      ; - sun.invoke.util.Wrapper::findPrimitiveType@4 (line 298)
  0x000001bb31527310: 0af3 ff48 | c704 24e4 

  0x000001bb31527318: ;   {runtime_call deoptimize Runtime1 stub}
  0x000001bb31527318: ffff ffe8 

  0x000001bb3152731c: ; ImmutableOopMap {[160]=Oop rax=Oop rsi=Oop }
                      ;*invokestatic checkIndex {reexecute=0 rethrow=0 return_oop=0}
                      ; - java.lang.String::checkIndex@5 (line 4557)
                      ; - java.lang.StringLatin1::charAt@3 (line 46)
                      ; - java.lang.String::charAt@12 (line 1515)
                      ; - sun.invoke.util.Wrapper::hashPrim@22 (line 364)
                      ; - sun.invoke.util.Wrapper::findPrimitiveType@4 (line 298)
  0x000001bb3152731c: 600a f3ff | 48c7 0424 | e4ff ffff 

  0x000001bb31527328: ;   {runtime_call deoptimize Runtime1 stub}
  0x000001bb31527328: e853 0af3 

  0x000001bb3152732c: ; ImmutableOopMap {[160]=Oop rax=Oop rsi=Oop }
                      ;*invokestatic checkIndex {reexecute=0 rethrow=0 return_oop=0}
                      ; - java.lang.String::checkIndex@5 (line 4557)
                      ; - java.lang.StringLatin1::charAt@3 (line 46)
                      ; - java.lang.String::charAt@12 (line 1515)
                      ; - sun.invoke.util.Wrapper::hashPrim@22 (line 364)
                      ; - sun.invoke.util.Wrapper::findPrimitiveType@4 (line 298)
  0x000001bb3152732c: ff48 c704 | 2402 0000 | 0048 8944 

  0x000001bb31527338: ;   {runtime_call throw_range_check_failed Runtime1 stub}
  0x000001bb31527338: 2408 e861 

  0x000001bb3152733c: ; ImmutableOopMap {[160]=Oop rax=Oop rsi=Oop }
                      ;*baload {reexecute=0 rethrow=0 return_oop=0}
                      ; - java.lang.StringLatin1::charAt@8 (line 47)
                      ; - java.lang.String::charAt@12 (line 1515)
                      ; - sun.invoke.util.Wrapper::hashPrim@22 (line 364)
                      ; - sun.invoke.util.Wrapper::findPrimitiveType@4 (line 298)
  0x000001bb3152733c: c8f2 ff48 | c704 24e4 

  0x000001bb31527344: ;   {runtime_call deoptimize Runtime1 stub}
  0x000001bb31527344: ffff ffe8 

  0x000001bb31527348: ; ImmutableOopMap {[160]=Oop rsi=Oop rax=Oop }
                      ;*invokestatic checkIndex {reexecute=0 rethrow=0 return_oop=0}
                      ; - java.lang.String::checkIndex@5 (line 4557)
                      ; - java.lang.StringUTF16::checkIndex@5 (line 1624)
                      ; - java.lang.StringUTF16::charAt@2 (line 1421)
                      ; - java.lang.String::charAt@21 (line 1517)
                      ; - sun.invoke.util.Wrapper::hashPrim@22 (line 364)
                      ; - sun.invoke.util.Wrapper::findPrimitiveType@4 (line 298)
  0x000001bb31527348: 340a f3ff | 48c7 0424 | e4ff ffff 

  0x000001bb31527354: ;   {runtime_call deoptimize Runtime1 stub}
  0x000001bb31527354: e827 0af3 

  0x000001bb31527358: ; ImmutableOopMap {[160]=Oop rsi=Oop rax=Oop }
                      ;*invokestatic checkIndex {reexecute=0 rethrow=0 return_oop=0}
                      ; - java.lang.String::checkIndex@5 (line 4557)
                      ; - java.lang.StringUTF16::checkIndex@5 (line 1624)
                      ; - java.lang.StringUTF16::charAt@2 (line 1421)
                      ; - java.lang.String::charAt@21 (line 1517)
                      ; - sun.invoke.util.Wrapper::hashPrim@22 (line 364)
                      ; - sun.invoke.util.Wrapper::findPrimitiveType@4 (line 298)
                      ;   {runtime_call throw_div0_exception Runtime1 stub}
  0x000001bb31527358: ffe8 42ce 

  0x000001bb3152735c: ; ImmutableOopMap {[160]=Oop rsi=Oop }
                      ;*irem {reexecute=0 rethrow=0 return_oop=0}
                      ; - sun.invoke.util.Wrapper::hashPrim@28 (line 364)
                      ; - sun.invoke.util.Wrapper::findPrimitiveType@4 (line 298)
  0x000001bb3152735c: f2ff 4889 | 3424 4889 

  0x000001bb31527364: ;   {runtime_call throw_range_check_failed Runtime1 stub}
  0x000001bb31527364: 4424 08e8 

  0x000001bb31527368: ; ImmutableOopMap {[160]=Oop rax=Oop }
                      ;*aaload {reexecute=0 rethrow=0 return_oop=0}
                      ; - sun.invoke.util.Wrapper::findPrimitiveType@7 (line 298)
  0x000001bb31527368: 34c8 f2ff 

  0x000001bb3152736c: ;   {runtime_call throw_null_pointer_exception Runtime1 stub}
  0x000001bb3152736c: e82f d1f2 

  0x000001bb31527370: ; ImmutableOopMap {[160]=Oop }
                      ;*aaload {reexecute=0 rethrow=0 return_oop=0}
                      ; - sun.invoke.util.Wrapper::findPrimitiveType@7 (line 298)
                      ;   {runtime_call throw_null_pointer_exception Runtime1 stub}
  0x000001bb31527370: ffe8 2ad1 

  0x000001bb31527374: ; ImmutableOopMap {rdx=Oop rsi=Oop }
                      ;*getfield primitiveType {reexecute=1 rethrow=0 return_oop=0}
                      ; - (reexecute) sun.invoke.util.Wrapper::findPrimitiveType@14 (line 299)
                      ;   {internal_word}
  0x000001bb31527374: f2ff 49ba | 9772 5231 | bb01 0000 | 4d89 9750 

  0x000001bb31527384: ;   {runtime_call SafepointBlob}
  0x000001bb31527384: 0300 00e9 | f4bb e7ff 

  0x000001bb3152738c: ;   {internal_word}
  0x000001bb3152738c: 49ba b072 | 5231 bb01 | 0000 4d89 | 9750 0300 

  0x000001bb3152739c: ;   {runtime_call SafepointBlob}
  0x000001bb3152739c: 00e9 debb | e7ff 9090 | 498b 87c8 | 0300 0049 | c787 c803 | 0000 0000 | 0000 49c7 | 87d0 0300 
  0x000001bb315273bc: 0000 0000 | 0048 81c4 | c000 0000 

  0x000001bb315273c8: ;   {runtime_call unwind_exception Runtime1 stub}
  0x000001bb315273c8: 5de9 b2c1 | f2ff f4f4 | f4f4 f4f4 | f4f4 f4f4 | f4f4 f4f4 | f4f4 f4f4 
[Stub Code]
  0x000001bb315273e0: ;   {no_reloc}
  0x000001bb315273e0: 0f1f 4400 

  0x000001bb315273e4: ;   {static_stub}
  0x000001bb315273e4: 0048 bb00 | 0000 0000 

  0x000001bb315273ec: ;   {runtime_call}
  0x000001bb315273ec: 0000 00e9 | fbff ffff 
[Exception Handler]
  0x000001bb315273f4: ;   {runtime_call handle_exception_from_callee Runtime1 stub}
  0x000001bb315273f4: e887 eef2 

  0x000001bb315273f8: ;   {external_word}
  0x000001bb315273f8: ff48 b9f8 | 2dc5 5bf9 | 7f00 0048 

  0x000001bb31527404: ;   {runtime_call}
  0x000001bb31527404: 83e4 f049 | bab0 d692 | 5bf9 7f00 | 0041 ffd2 

  0x000001bb31527414: ;   {section_word}
  0x000001bb31527414: f449 ba15 | 7452 31bb | 0100 0041 

  0x000001bb31527420: ;   {runtime_call DeoptimizationBlob}
  0x000001bb31527420: 52e9 7ab4 | e7ff f4f4 
[/MachCode]


---------------  P R O C E S S  ---------------

Threads class SMR info:
_java_thread_list=0x000001bb441fc2d0, length=14, elements={
0x000001bb29a21d10, 0x000001bb3fe9f700, 0x000001bb3fea4280, 0x000001bb3feb9890,
0x000001bb3feba400, 0x000001bb3febbcc0, 0x000001bb3febc570, 0x000001bb3febce20,
0x000001bb3fef80e0, 0x000001bb3fe8b850, 0x000001bb441ad170, 0x000001bb441c7030,
0x000001bb441c7510, 0x000001bb441ff620
}

Java Threads: ( => current thread )
=>0x000001bb29a21d10 JavaThread "main" [_thread_in_Java, id=10712, stack(0x0000008c10e00000,0x0000008c10f00000)]
  0x000001bb3fe9f700 JavaThread "Reference Handler" daemon [_thread_blocked, id=5692, stack(0x0000008c11500000,0x0000008c11600000)]
  0x000001bb3fea4280 JavaThread "Finalizer" daemon [_thread_blocked, id=12192, stack(0x0000008c11600000,0x0000008c11700000)]
  0x000001bb3feb9890 JavaThread "Signal Dispatcher" daemon [_thread_blocked, id=16220, stack(0x0000008c11700000,0x0000008c11800000)]
  0x000001bb3feba400 JavaThread "Attach Listener" daemon [_thread_blocked, id=16768, stack(0x0000008c11800000,0x0000008c11900000)]
  0x000001bb3febbcc0 JavaThread "Service Thread" daemon [_thread_blocked, id=3620, stack(0x0000008c11900000,0x0000008c11a00000)]
  0x000001bb3febc570 JavaThread "Monitor Deflation Thread" daemon [_thread_blocked, id=17028, stack(0x0000008c11a00000,0x0000008c11b00000)]
  0x000001bb3febce20 JavaThread "C1 CompilerThread0" daemon [_thread_blocked, id=10432, stack(0x0000008c11b00000,0x0000008c11c00000)]
  0x000001bb3fef80e0 JavaThread "Sweeper thread" daemon [_thread_blocked, id=12712, stack(0x0000008c11c00000,0x0000008c11d00000)]
  0x000001bb3fe8b850 JavaThread "Common-Cleaner" daemon [_thread_blocked, id=18756, stack(0x0000008c11d00000,0x0000008c11e00000)]
  0x000001bb441ad170 JavaThread "JDWP Transport Listener: dt_socket" daemon [_thread_blocked, id=11512, stack(0x0000008c12000000,0x0000008c12100000)]
  0x000001bb441c7030 JavaThread "JDWP Event Helper Thread" daemon [_thread_blocked, id=4192, stack(0x0000008c12100000,0x0000008c12200000)]
  0x000001bb441c7510 JavaThread "JDWP Command Reader" daemon [_thread_in_native, id=17176, stack(0x0000008c12200000,0x0000008c12300000)]
  0x000001bb441ff620 JavaThread "Notification Thread" daemon [_thread_blocked, id=1124, stack(0x0000008c11e00000,0x0000008c11f00000)]

Other Threads:
  0x000001bb3fe9c7f0 VMThread "VM Thread" [stack: 0x0000008c11400000,0x0000008c11500000] [id=13720]
  0x000001bb29a93580 WorkerThread "GC Thread#0" [stack: 0x0000008c10f00000,0x0000008c11000000] [id=12844]
  0x000001bb29aa4350 ConcurrentGCThread "G1 Main Marker" [stack: 0x0000008c11000000,0x0000008c11100000] [id=19096]
  0x000001bb29aa6400 WorkerThread "G1 Conc#0" [stack: 0x0000008c11100000,0x0000008c11200000] [id=9660]
  0x000001bb29addea0 ConcurrentGCThread "G1 Refine#0" [stack: 0x0000008c11200000,0x0000008c11300000] [id=4688]
  0x000001bb29ade6c0 ConcurrentGCThread "G1 Service" [stack: 0x0000008c11300000,0x0000008c11400000] [id=19148]

Threads with active compile tasks:

VM state: not at safepoint (normal execution)

VM Mutex/Monitor currently owned by a thread: None

Heap address: 0x0000000700600000, size: 4090 MB, Compressed Oops mode: Zero based, Oop shift amount: 3

CDS archive(s) mapped at: [0x0000000800000000-0x0000000800ba0000-0x0000000800ba0000), size 12189696, SharedBaseAddress: 0x0000000800000000, ArchiveRelocationMode: 0.
Compressed class space mapped at: 0x0000000800c00000-0x0000000840c00000, reserved size: 1073741824
Narrow klass base: 0x0000000800000000, Narrow klass shift: 0, Narrow klass range: 0x100000000

GC Precious Log:
 CardTable entry size: 512
 Card Set container configuration: InlinePtr #cards 4 size 8 Array Of Cards #cards 16 size 48 Howl #buckets 8 coarsen threshold 3686 Howl Bitmap #cards 512 size 80 coarsen threshold 460 Card regions per heap region 1 cards per card region 4096
 CPUs: 4 total, 4 available
 Memory: 16359M
 Large Page Support: Disabled
 NUMA Support: Disabled
 Compressed Oops: Enabled (Zero based)
 Heap Region Size: 2M
 Heap Min Capacity: 8M
 Heap Initial Capacity: 256M
 Heap Max Capacity: 4090M
 Pre-touch: Disabled
 Parallel Workers: 4
 Concurrent Workers: 1
 Concurrent Refinement Workers: 4
 Periodic GC: Disabled

Heap:
 garbage-first heap   total 262144K, used 8192K [0x0000000700600000, 0x0000000800000000)
  region size 2048K, 6 young (12288K), 0 survivors (0K)
 Metaspace       used 1845K, committed 1984K, reserved 1114112K
  class space    used 198K, committed 256K, reserved 1048576K

Heap Regions: E=young(eden), S=young(survivor), O=old, HS=humongous(starts), HC=humongous(continues), CS=collection set, F=free, OA=open archive, CA=closed archive, TAMS=top-at-mark-start (previous, next)
|   0|0x0000000700600000, 0x0000000700600000, 0x0000000700800000|  0%| F|  |TAMS 0x0000000700600000, 0x0000000700600000| Untracked 
|   1|0x0000000700800000, 0x0000000700800000, 0x0000000700a00000|  0%| F|  |TAMS 0x0000000700800000, 0x0000000700800000| Untracked 
|   2|0x0000000700a00000, 0x0000000700a00000, 0x0000000700c00000|  0%| F|  |TAMS 0x0000000700a00000, 0x0000000700a00000| Untracked 
|   3|0x0000000700c00000, 0x0000000700c00000, 0x0000000700e00000|  0%| F|  |TAMS 0x0000000700c00000, 0x0000000700c00000| Untracked 
|   4|0x0000000700e00000, 0x0000000700e00000, 0x0000000701000000|  0%| F|  |TAMS 0x0000000700e00000, 0x0000000700e00000| Untracked 
|   5|0x0000000701000000, 0x0000000701000000, 0x0000000701200000|  0%| F|  |TAMS 0x0000000701000000, 0x0000000701000000| Untracked 
|   6|0x0000000701200000, 0x0000000701200000, 0x0000000701400000|  0%| F|  |TAMS 0x0000000701200000, 0x0000000701200000| Untracked 
|   7|0x0000000701400000, 0x0000000701400000, 0x0000000701600000|  0%| F|  |TAMS 0x0000000701400000, 0x0000000701400000| Untracked 
|   8|0x0000000701600000, 0x0000000701600000, 0x0000000701800000|  0%| F|  |TAMS 0x0000000701600000, 0x0000000701600000| Untracked 
|   9|0x0000000701800000, 0x0000000701800000, 0x0000000701a00000|  0%| F|  |TAMS 0x0000000701800000, 0x0000000701800000| Untracked 
|  10|0x0000000701a00000, 0x0000000701a00000, 0x0000000701c00000|  0%| F|  |TAMS 0x0000000701a00000, 0x0000000701a00000| Untracked 
|  11|0x0000000701c00000, 0x0000000701c00000, 0x0000000701e00000|  0%| F|  |TAMS 0x0000000701c00000, 0x0000000701c00000| Untracked 
|  12|0x0000000701e00000, 0x0000000701e00000, 0x0000000702000000|  0%| F|  |TAMS 0x0000000701e00000, 0x0000000701e00000| Untracked 
|  13|0x0000000702000000, 0x0000000702000000, 0x0000000702200000|  0%| F|  |TAMS 0x0000000702000000, 0x0000000702000000| Untracked 
|  14|0x0000000702200000, 0x0000000702200000, 0x0000000702400000|  0%| F|  |TAMS 0x0000000702200000, 0x0000000702200000| Untracked 
|  15|0x0000000702400000, 0x0000000702400000, 0x0000000702600000|  0%| F|  |TAMS 0x0000000702400000, 0x0000000702400000| Untracked 
|  16|0x0000000702600000, 0x0000000702600000, 0x0000000702800000|  0%| F|  |TAMS 0x0000000702600000, 0x0000000702600000| Untracked 
|  17|0x0000000702800000, 0x0000000702800000, 0x0000000702a00000|  0%| F|  |TAMS 0x0000000702800000, 0x0000000702800000| Untracked 
|  18|0x0000000702a00000, 0x0000000702a00000, 0x0000000702c00000|  0%| F|  |TAMS 0x0000000702a00000, 0x0000000702a00000| Untracked 
|  19|0x0000000702c00000, 0x0000000702c00000, 0x0000000702e00000|  0%| F|  |TAMS 0x0000000702c00000, 0x0000000702c00000| Untracked 
|  20|0x0000000702e00000, 0x0000000702e00000, 0x0000000703000000|  0%| F|  |TAMS 0x0000000702e00000, 0x0000000702e00000| Untracked 
|  21|0x0000000703000000, 0x0000000703000000, 0x0000000703200000|  0%| F|  |TAMS 0x0000000703000000, 0x0000000703000000| Untracked 
|  22|0x0000000703200000, 0x0000000703200000, 0x0000000703400000|  0%| F|  |TAMS 0x0000000703200000, 0x0000000703200000| Untracked 
|  23|0x0000000703400000, 0x0000000703400000, 0x0000000703600000|  0%| F|  |TAMS 0x0000000703400000, 0x0000000703400000| Untracked 
|  24|0x0000000703600000, 0x0000000703600000, 0x0000000703800000|  0%| F|  |TAMS 0x0000000703600000, 0x0000000703600000| Untracked 
|  25|0x0000000703800000, 0x0000000703800000, 0x0000000703a00000|  0%| F|  |TAMS 0x0000000703800000, 0x0000000703800000| Untracked 
|  26|0x0000000703a00000, 0x0000000703a00000, 0x0000000703c00000|  0%| F|  |TAMS 0x0000000703a00000, 0x0000000703a00000| Untracked 
|  27|0x0000000703c00000, 0x0000000703c00000, 0x0000000703e00000|  0%| F|  |TAMS 0x0000000703c00000, 0x0000000703c00000| Untracked 
|  28|0x0000000703e00000, 0x0000000703e00000, 0x0000000704000000|  0%| F|  |TAMS 0x0000000703e00000, 0x0000000703e00000| Untracked 
|  29|0x0000000704000000, 0x0000000704000000, 0x0000000704200000|  0%| F|  |TAMS 0x0000000704000000, 0x0000000704000000| Untracked 
|  30|0x0000000704200000, 0x0000000704200000, 0x0000000704400000|  0%| F|  |TAMS 0x0000000704200000, 0x0000000704200000| Untracked 
|  31|0x0000000704400000, 0x0000000704400000, 0x0000000704600000|  0%| F|  |TAMS 0x0000000704400000, 0x0000000704400000| Untracked 
|  32|0x0000000704600000, 0x0000000704600000, 0x0000000704800000|  0%| F|  |TAMS 0x0000000704600000, 0x0000000704600000| Untracked 
|  33|0x0000000704800000, 0x0000000704800000, 0x0000000704a00000|  0%| F|  |TAMS 0x0000000704800000, 0x0000000704800000| Untracked 
|  34|0x0000000704a00000, 0x0000000704a00000, 0x0000000704c00000|  0%| F|  |TAMS 0x0000000704a00000, 0x0000000704a00000| Untracked 
|  35|0x0000000704c00000, 0x0000000704c00000, 0x0000000704e00000|  0%| F|  |TAMS 0x0000000704c00000, 0x0000000704c00000| Untracked 
|  36|0x0000000704e00000, 0x0000000704e00000, 0x0000000705000000|  0%| F|  |TAMS 0x0000000704e00000, 0x0000000704e00000| Untracked 
|  37|0x0000000705000000, 0x0000000705000000, 0x0000000705200000|  0%| F|  |TAMS 0x0000000705000000, 0x0000000705000000| Untracked 
|  38|0x0000000705200000, 0x0000000705200000, 0x0000000705400000|  0%| F|  |TAMS 0x0000000705200000, 0x0000000705200000| Untracked 
|  39|0x0000000705400000, 0x0000000705400000, 0x0000000705600000|  0%| F|  |TAMS 0x0000000705400000, 0x0000000705400000| Untracked 
|  40|0x0000000705600000, 0x0000000705600000, 0x0000000705800000|  0%| F|  |TAMS 0x0000000705600000, 0x0000000705600000| Untracked 
|  41|0x0000000705800000, 0x0000000705800000, 0x0000000705a00000|  0%| F|  |TAMS 0x0000000705800000, 0x0000000705800000| Untracked 
|  42|0x0000000705a00000, 0x0000000705a00000, 0x0000000705c00000|  0%| F|  |TAMS 0x0000000705a00000, 0x0000000705a00000| Untracked 
|  43|0x0000000705c00000, 0x0000000705c00000, 0x0000000705e00000|  0%| F|  |TAMS 0x0000000705c00000, 0x0000000705c00000| Untracked 
|  44|0x0000000705e00000, 0x0000000705e00000, 0x0000000706000000|  0%| F|  |TAMS 0x0000000705e00000, 0x0000000705e00000| Untracked 
|  45|0x0000000706000000, 0x0000000706000000, 0x0000000706200000|  0%| F|  |TAMS 0x0000000706000000, 0x0000000706000000| Untracked 
|  46|0x0000000706200000, 0x0000000706200000, 0x0000000706400000|  0%| F|  |TAMS 0x0000000706200000, 0x0000000706200000| Untracked 
|  47|0x0000000706400000, 0x0000000706400000, 0x0000000706600000|  0%| F|  |TAMS 0x0000000706400000, 0x0000000706400000| Untracked 
|  48|0x0000000706600000, 0x0000000706600000, 0x0000000706800000|  0%| F|  |TAMS 0x0000000706600000, 0x0000000706600000| Untracked 
|  49|0x0000000706800000, 0x0000000706800000, 0x0000000706a00000|  0%| F|  |TAMS 0x0000000706800000, 0x0000000706800000| Untracked 
|  50|0x0000000706a00000, 0x0000000706a00000, 0x0000000706c00000|  0%| F|  |TAMS 0x0000000706a00000, 0x0000000706a00000| Untracked 
|  51|0x0000000706c00000, 0x0000000706c00000, 0x0000000706e00000|  0%| F|  |TAMS 0x0000000706c00000, 0x0000000706c00000| Untracked 
|  52|0x0000000706e00000, 0x0000000706e00000, 0x0000000707000000|  0%| F|  |TAMS 0x0000000706e00000, 0x0000000706e00000| Untracked 
|  53|0x0000000707000000, 0x0000000707000000, 0x0000000707200000|  0%| F|  |TAMS 0x0000000707000000, 0x0000000707000000| Untracked 
|  54|0x0000000707200000, 0x0000000707200000, 0x0000000707400000|  0%| F|  |TAMS 0x0000000707200000, 0x0000000707200000| Untracked 
|  55|0x0000000707400000, 0x0000000707400000, 0x0000000707600000|  0%| F|  |TAMS 0x0000000707400000, 0x0000000707400000| Untracked 
|  56|0x0000000707600000, 0x0000000707600000, 0x0000000707800000|  0%| F|  |TAMS 0x0000000707600000, 0x0000000707600000| Untracked 
|  57|0x0000000707800000, 0x0000000707800000, 0x0000000707a00000|  0%| F|  |TAMS 0x0000000707800000, 0x0000000707800000| Untracked 
|  58|0x0000000707a00000, 0x0000000707a00000, 0x0000000707c00000|  0%| F|  |TAMS 0x0000000707a00000, 0x0000000707a00000| Untracked 
|  59|0x0000000707c00000, 0x0000000707c00000, 0x0000000707e00000|  0%| F|  |TAMS 0x0000000707c00000, 0x0000000707c00000| Untracked 
|  60|0x0000000707e00000, 0x0000000707e00000, 0x0000000708000000|  0%| F|  |TAMS 0x0000000707e00000, 0x0000000707e00000| Untracked 
|  61|0x0000000708000000, 0x0000000708000000, 0x0000000708200000|  0%| F|  |TAMS 0x0000000708000000, 0x0000000708000000| Untracked 
|  62|0x0000000708200000, 0x0000000708200000, 0x0000000708400000|  0%| F|  |TAMS 0x0000000708200000, 0x0000000708200000| Untracked 
|  63|0x0000000708400000, 0x0000000708400000, 0x0000000708600000|  0%| F|  |TAMS 0x0000000708400000, 0x0000000708400000| Untracked 
|  64|0x0000000708600000, 0x0000000708600000, 0x0000000708800000|  0%| F|  |TAMS 0x0000000708600000, 0x0000000708600000| Untracked 
|  65|0x0000000708800000, 0x0000000708800000, 0x0000000708a00000|  0%| F|  |TAMS 0x0000000708800000, 0x0000000708800000| Untracked 
|  66|0x0000000708a00000, 0x0000000708a00000, 0x0000000708c00000|  0%| F|  |TAMS 0x0000000708a00000, 0x0000000708a00000| Untracked 
|  67|0x0000000708c00000, 0x0000000708c00000, 0x0000000708e00000|  0%| F|  |TAMS 0x0000000708c00000, 0x0000000708c00000| Untracked 
|  68|0x0000000708e00000, 0x0000000708e00000, 0x0000000709000000|  0%| F|  |TAMS 0x0000000708e00000, 0x0000000708e00000| Untracked 
|  69|0x0000000709000000, 0x0000000709000000, 0x0000000709200000|  0%| F|  |TAMS 0x0000000709000000, 0x0000000709000000| Untracked 
|  70|0x0000000709200000, 0x0000000709200000, 0x0000000709400000|  0%| F|  |TAMS 0x0000000709200000, 0x0000000709200000| Untracked 
|  71|0x0000000709400000, 0x0000000709400000, 0x0000000709600000|  0%| F|  |TAMS 0x0000000709400000, 0x0000000709400000| Untracked 
|  72|0x0000000709600000, 0x0000000709600000, 0x0000000709800000|  0%| F|  |TAMS 0x0000000709600000, 0x0000000709600000| Untracked 
|  73|0x0000000709800000, 0x0000000709800000, 0x0000000709a00000|  0%| F|  |TAMS 0x0000000709800000, 0x0000000709800000| Untracked 
|  74|0x0000000709a00000, 0x0000000709a00000, 0x0000000709c00000|  0%| F|  |TAMS 0x0000000709a00000, 0x0000000709a00000| Untracked 
|  75|0x0000000709c00000, 0x0000000709c00000, 0x0000000709e00000|  0%| F|  |TAMS 0x0000000709c00000, 0x0000000709c00000| Untracked 
|  76|0x0000000709e00000, 0x0000000709e00000, 0x000000070a000000|  0%| F|  |TAMS 0x0000000709e00000, 0x0000000709e00000| Untracked 
|  77|0x000000070a000000, 0x000000070a000000, 0x000000070a200000|  0%| F|  |TAMS 0x000000070a000000, 0x000000070a000000| Untracked 
|  78|0x000000070a200000, 0x000000070a200000, 0x000000070a400000|  0%| F|  |TAMS 0x000000070a200000, 0x000000070a200000| Untracked 
|  79|0x000000070a400000, 0x000000070a400000, 0x000000070a600000|  0%| F|  |TAMS 0x000000070a400000, 0x000000070a400000| Untracked 
|  80|0x000000070a600000, 0x000000070a600000, 0x000000070a800000|  0%| F|  |TAMS 0x000000070a600000, 0x000000070a600000| Untracked 
|  81|0x000000070a800000, 0x000000070a800000, 0x000000070aa00000|  0%| F|  |TAMS 0x000000070a800000, 0x000000070a800000| Untracked 
|  82|0x000000070aa00000, 0x000000070aa00000, 0x000000070ac00000|  0%| F|  |TAMS 0x000000070aa00000, 0x000000070aa00000| Untracked 
|  83|0x000000070ac00000, 0x000000070ac00000, 0x000000070ae00000|  0%| F|  |TAMS 0x000000070ac00000, 0x000000070ac00000| Untracked 
|  84|0x000000070ae00000, 0x000000070ae00000, 0x000000070b000000|  0%| F|  |TAMS 0x000000070ae00000, 0x000000070ae00000| Untracked 
|  85|0x000000070b000000, 0x000000070b000000, 0x000000070b200000|  0%| F|  |TAMS 0x000000070b000000, 0x000000070b000000| Untracked 
|  86|0x000000070b200000, 0x000000070b200000, 0x000000070b400000|  0%| F|  |TAMS 0x000000070b200000, 0x000000070b200000| Untracked 
|  87|0x000000070b400000, 0x000000070b400000, 0x000000070b600000|  0%| F|  |TAMS 0x000000070b400000, 0x000000070b400000| Untracked 
|  88|0x000000070b600000, 0x000000070b600000, 0x000000070b800000|  0%| F|  |TAMS 0x000000070b600000, 0x000000070b600000| Untracked 
|  89|0x000000070b800000, 0x000000070b800000, 0x000000070ba00000|  0%| F|  |TAMS 0x000000070b800000, 0x000000070b800000| Untracked 
|  90|0x000000070ba00000, 0x000000070ba00000, 0x000000070bc00000|  0%| F|  |TAMS 0x000000070ba00000, 0x000000070ba00000| Untracked 
|  91|0x000000070bc00000, 0x000000070bc00000, 0x000000070be00000|  0%| F|  |TAMS 0x000000070bc00000, 0x000000070bc00000| Untracked 
|  92|0x000000070be00000, 0x000000070be00000, 0x000000070c000000|  0%| F|  |TAMS 0x000000070be00000, 0x000000070be00000| Untracked 
|  93|0x000000070c000000, 0x000000070c000000, 0x000000070c200000|  0%| F|  |TAMS 0x000000070c000000, 0x000000070c000000| Untracked 
|  94|0x000000070c200000, 0x000000070c200000, 0x000000070c400000|  0%| F|  |TAMS 0x000000070c200000, 0x000000070c200000| Untracked 
|  95|0x000000070c400000, 0x000000070c400000, 0x000000070c600000|  0%| F|  |TAMS 0x000000070c400000, 0x000000070c400000| Untracked 
|  96|0x000000070c600000, 0x000000070c600000, 0x000000070c800000|  0%| F|  |TAMS 0x000000070c600000, 0x000000070c600000| Untracked 
|  97|0x000000070c800000, 0x000000070c800000, 0x000000070ca00000|  0%| F|  |TAMS 0x000000070c800000, 0x000000070c800000| Untracked 
|  98|0x000000070ca00000, 0x000000070ca00000, 0x000000070cc00000|  0%| F|  |TAMS 0x000000070ca00000, 0x000000070ca00000| Untracked 
|  99|0x000000070cc00000, 0x000000070cc00000, 0x000000070ce00000|  0%| F|  |TAMS 0x000000070cc00000, 0x000000070cc00000| Untracked 
| 100|0x000000070ce00000, 0x000000070ce00000, 0x000000070d000000|  0%| F|  |TAMS 0x000000070ce00000, 0x000000070ce00000| Untracked 
| 101|0x000000070d000000, 0x000000070d000000, 0x000000070d200000|  0%| F|  |TAMS 0x000000070d000000, 0x000000070d000000| Untracked 
| 102|0x000000070d200000, 0x000000070d200000, 0x000000070d400000|  0%| F|  |TAMS 0x000000070d200000, 0x000000070d200000| Untracked 
| 103|0x000000070d400000, 0x000000070d400000, 0x000000070d600000|  0%| F|  |TAMS 0x000000070d400000, 0x000000070d400000| Untracked 
| 104|0x000000070d600000, 0x000000070d600000, 0x000000070d800000|  0%| F|  |TAMS 0x000000070d600000, 0x000000070d600000| Untracked 
| 105|0x000000070d800000, 0x000000070d800000, 0x000000070da00000|  0%| F|  |TAMS 0x000000070d800000, 0x000000070d800000| Untracked 
| 106|0x000000070da00000, 0x000000070da00000, 0x000000070dc00000|  0%| F|  |TAMS 0x000000070da00000, 0x000000070da00000| Untracked 
| 107|0x000000070dc00000, 0x000000070dc00000, 0x000000070de00000|  0%| F|  |TAMS 0x000000070dc00000, 0x000000070dc00000| Untracked 
| 108|0x000000070de00000, 0x000000070de00000, 0x000000070e000000|  0%| F|  |TAMS 0x000000070de00000, 0x000000070de00000| Untracked 
| 109|0x000000070e000000, 0x000000070e000000, 0x000000070e200000|  0%| F|  |TAMS 0x000000070e000000, 0x000000070e000000| Untracked 
| 110|0x000000070e200000, 0x000000070e200000, 0x000000070e400000|  0%| F|  |TAMS 0x000000070e200000, 0x000000070e200000| Untracked 
| 111|0x000000070e400000, 0x000000070e400000, 0x000000070e600000|  0%| F|  |TAMS 0x000000070e400000, 0x000000070e400000| Untracked 
| 112|0x000000070e600000, 0x000000070e600000, 0x000000070e800000|  0%| F|  |TAMS 0x000000070e600000, 0x000000070e600000| Untracked 
| 113|0x000000070e800000, 0x000000070e800000, 0x000000070ea00000|  0%| F|  |TAMS 0x000000070e800000, 0x000000070e800000| Untracked 
| 114|0x000000070ea00000, 0x000000070ea00000, 0x000000070ec00000|  0%| F|  |TAMS 0x000000070ea00000, 0x000000070ea00000| Untracked 
| 115|0x000000070ec00000, 0x000000070ec00000, 0x000000070ee00000|  0%| F|  |TAMS 0x000000070ec00000, 0x000000070ec00000| Untracked 
| 116|0x000000070ee00000, 0x000000070ee00000, 0x000000070f000000|  0%| F|  |TAMS 0x000000070ee00000, 0x000000070ee00000| Untracked 
| 117|0x000000070f000000, 0x000000070f000000, 0x000000070f200000|  0%| F|  |TAMS 0x000000070f000000, 0x000000070f000000| Untracked 
| 118|0x000000070f200000, 0x000000070f200000, 0x000000070f400000|  0%| F|  |TAMS 0x000000070f200000, 0x000000070f200000| Untracked 
| 119|0x000000070f400000, 0x000000070f400000, 0x000000070f600000|  0%| F|  |TAMS 0x000000070f400000, 0x000000070f400000| Untracked 
| 120|0x000000070f600000, 0x000000070f600000, 0x000000070f800000|  0%| F|  |TAMS 0x000000070f600000, 0x000000070f600000| Untracked 
| 121|0x000000070f800000, 0x000000070f800000, 0x000000070fa00000|  0%| F|  |TAMS 0x000000070f800000, 0x000000070f800000| Untracked 
| 122|0x000000070fa00000, 0x000000070fa3f6a8, 0x000000070fc00000| 12%| E|  |TAMS 0x000000070fa00000, 0x000000070fa00000| Complete 
| 123|0x000000070fc00000, 0x000000070fe00000, 0x000000070fe00000|100%| E|CS|TAMS 0x000000070fc00000, 0x000000070fc00000| Complete 
| 124|0x000000070fe00000, 0x0000000710000000, 0x0000000710000000|100%| E|CS|TAMS 0x000000070fe00000, 0x000000070fe00000| Complete 
| 125|0x0000000710000000, 0x0000000710200000, 0x0000000710200000|100%| E|  |TAMS 0x0000000710000000, 0x0000000710000000| Complete 
| 126|0x0000000710200000, 0x0000000710400000, 0x0000000710400000|100%| E|CS|TAMS 0x0000000710200000, 0x0000000710200000| Complete 
| 127|0x0000000710400000, 0x0000000710600000, 0x0000000710600000|100%| E|CS|TAMS 0x0000000710400000, 0x0000000710400000| Complete 

Card table byte_map: [0x000001bb34b50000,0x000001bb35350000] _byte_map_base: 0x000001bb3134d000

Marking Bits (Prev, Next): (CMBitMap*) 0x000001bb29a93a90, (CMBitMap*) 0x000001bb29a93ad0
 Prev Bits: [0x000001bb35b50000, 0x000001bb39b38000)
 Next Bits: [0x000001bb39b40000, 0x000001bb3db28000)

Polling page: 0x000001bb279d0000

Metaspace:

Usage:
  Non-class:      1.61 MB used.
      Class:    198.20 KB used.
       Both:      1.80 MB used.

Virtual space:
  Non-class space:       64.00 MB reserved,       1.69 MB (  3%) committed,  1 nodes.
      Class space:        1.00 GB reserved,     256.00 KB ( <1%) committed,  1 nodes.
             Both:        1.06 GB reserved,       1.94 MB ( <1%) committed. 

Chunk freelists:
   Non-Class:  3.96 MB
       Class:  3.73 MB
        Both:  7.68 MB

MaxMetaspaceSize: unlimited
CompressedClassSpaceSize: 1.00 GB
Initial GC threshold: 21.00 MB
Current GC threshold: 21.00 MB
CDS: on
MetaspaceReclaimPolicy: balanced
 - commit_granule_bytes: 65536.
 - commit_granule_words: 8192.
 - virtual_space_node_default_size: 8388608.
 - enlarge_chunks_in_place: 1.
 - new_chunks_are_fully_committed: 0.
 - uncommit_free_chunks: 1.
 - use_allocation_guard: 0.


Internal statistics:

num_allocs_failed_limit: 0.
num_arena_births: 48.
num_arena_deaths: 0.
num_vsnodes_births: 2.
num_vsnodes_deaths: 0.
num_space_committed: 31.
num_space_uncommitted: 0.
num_chunks_returned_to_freelist: 0.
num_chunks_taken_from_freelist: 49.
num_chunk_merges: 0.
num_chunk_splits: 35.
num_chunks_enlarged: 23.
num_inconsistent_stats: 0.

CodeCache: size=49152Kb used=1847Kb max_used=2443Kb free=47304Kb
 bounds [0x000001bb31350000, 0x000001bb315c0000, 0x000001bb34350000]
 total_blobs=928 nmethods=522 adapters=335
 compilation: enabled
              stopped_count=0, restarted_count=0
 full_count=0

Compilation events (20 events):
Event: 1.782 Thread 0x000001bb3febce20  510       1       java.util.TreeMap::put (221 bytes)
Event: 1.783 Thread 0x000001bb3febce20 nmethod 510 0x000001bb3152c510 code [0x000001bb3152c720, 0x000001bb3152cca8]
Event: 1.783 Thread 0x000001bb3febce20  514       1       java.util.TreeMap::successor (66 bytes)
Event: 1.783 Thread 0x000001bb3febce20 nmethod 514 0x000001bb3152c090 code [0x000001bb3152c240, 0x000001bb3152c3d8]
Event: 1.783 Thread 0x000001bb3febce20  511       1       java.util.TreeMap$Entry::<init> (25 bytes)
Event: 1.783 Thread 0x000001bb3febce20 nmethod 511 0x000001bb3152bc90 code [0x000001bb3152be20, 0x000001bb3152c018]
Event: 1.783 Thread 0x000001bb3febce20  513       1       java.util.TreeMap$PrivateEntryIterator::nextEntry (54 bytes)
Event: 1.783 Thread 0x000001bb3febce20 nmethod 513 0x000001bb3152b690 code [0x000001bb3152b860, 0x000001bb3152bb28]
Event: 1.783 Thread 0x000001bb3febce20  512       1       java.util.TreeMap::size (5 bytes)
Event: 1.783 Thread 0x000001bb3febce20 nmethod 512 0x000001bb3152b390 code [0x000001bb3152b520, 0x000001bb3152b5f8]
Event: 1.783 Thread 0x000001bb3febce20  515       1       java.util.LinkedHashMap$LinkedHashIterator::nextNode (54 bytes)
Event: 1.783 Thread 0x000001bb3febce20 nmethod 515 0x000001bb3152ad90 code [0x000001bb3152af60, 0x000001bb3152b218]
Event: 1.794 Thread 0x000001bb3febce20  516       1       java.lang.invoke.MethodType::insertParameterTypes (121 bytes)
Event: 1.794 Thread 0x000001bb3febce20 nmethod 516 0x000001bb3152a010 code [0x000001bb3152a260, 0x000001bb3152a9c8]
Event: 1.830 Thread 0x000001bb3febce20  520       1       sun.invoke.util.Wrapper::hashPrim (30 bytes)
Event: 1.831 Thread 0x000001bb3febce20 nmethod 520 0x000001bb31528890 code [0x000001bb31528a60, 0x000001bb31528dc8]
Event: 1.831 Thread 0x000001bb3febce20  521       1       sun.invoke.util.Wrapper::forPrimitiveType (49 bytes)
Event: 1.832 Thread 0x000001bb3febce20 nmethod 521 0x000001bb31527810 code [0x000001bb31527a60, 0x000001bb31528248]
Event: 1.835 Thread 0x000001bb3febce20  522       1       sun.invoke.util.Wrapper::findPrimitiveType (25 bytes)
Event: 1.836 Thread 0x000001bb3febce20 nmethod 522 0x000001bb31526e90 code [0x000001bb31527060, 0x000001bb31527428]

GC Heap History (0 events):
No events

Deoptimization events (0 events):
No events

Classes loaded (20 events):
Event: 1.746 Loading class java/lang/management/ThreadInfo
Event: 1.746 Loading class java/lang/management/ThreadInfo done
Event: 1.748 Loading class java/lang/Thread$State
Event: 1.748 Loading class java/lang/Thread$State done
Event: 1.748 Loading class java/lang/management/LockInfo
Event: 1.748 Loading class java/lang/management/LockInfo done
Event: 1.748 Loading class java/lang/management/MonitorInfo
Event: 1.749 Loading class java/lang/management/MonitorInfo done
Event: 1.749 Loading class java/lang/InterruptedException
Event: 1.749 Loading class java/lang/InterruptedException done
Event: 1.766 Loading class com/sun/jmx/mbeanserver/DefaultMXBeanMappingFactory$CompositeMapping
Event: 1.767 Loading class com/sun/jmx/mbeanserver/DefaultMXBeanMappingFactory$CompositeMapping done
Event: 1.776 Loading class com/sun/jmx/mbeanserver/DefaultMXBeanMappingFactory$ArrayMapping
Event: 1.776 Loading class com/sun/jmx/mbeanserver/DefaultMXBeanMappingFactory$ArrayMapping done
Event: 1.779 Loading class java/lang/annotation/ElementType
Event: 1.779 Loading class java/lang/annotation/ElementType done
Event: 1.779 Loading class com/sun/jmx/mbeanserver/DefaultMXBeanMappingFactory$EnumMapping
Event: 1.779 Loading class com/sun/jmx/mbeanserver/DefaultMXBeanMappingFactory$EnumMapping done
Event: 1.783 Loading class javax/management/MBeanParameterInfo
Event: 1.783 Loading class javax/management/MBeanParameterInfo done

Classes unloaded (0 events):
No events

Classes redefined (0 events):
No events

Internal exceptions (6 events):
Event: 1.100 Thread 0x000001bb29a21d10 Exception <a 'java/lang/NoSuchMethodError'{0x00000007102027f0}: 'void java.lang.invoke.DirectMethodHandle$Holder.invokeStatic(java.lang.Object, java.lang.Object, java.lang.Object)'> (0x00000007102027f0) 
thrown [s\open\src\hotspot\share\interpreter\linkResolver.cpp, line 766]
Event: 1.112 Thread 0x000001bb29a21d10 Exception <a 'java/lang/NoSuchMethodError'{0x000000071021b508}: 'java.lang.Object java.lang.invoke.Invokers$Holder.invokeExact_MT(java.lang.Object, java.lang.Object, java.lang.Object, java.lang.Object, java.lang.Object)'> (0x000000071021b508) 
thrown [s\open\src\hotspot\share\interpreter\linkResolver.cpp, line 766]
Event: 1.539 Thread 0x000001bb29a21d10 Exception <a 'java/lang/NoSuchMethodError'{0x000000070fc8cfb0}: 'java.lang.Object java.lang.invoke.DirectMethodHandle$Holder.invokeStaticInit(java.lang.Object)'> (0x000000070fc8cfb0) 
thrown [s\open\src\hotspot\share\interpreter\linkResolver.cpp, line 766]
Event: 1.604 Thread 0x000001bb29a21d10 Exception <a 'java/lang/NoSuchMethodError'{0x000000070fd2ea08}: 'int java.lang.invoke.DirectMethodHandle$Holder.invokeInterface(java.lang.Object, java.lang.Object)'> (0x000000070fd2ea08) 
thrown [s\open\src\hotspot\share\interpreter\linkResolver.cpp, line 766]
Event: 1.605 Thread 0x000001bb29a21d10 Exception <a 'java/lang/IncompatibleClassChangeError'{0x000000070fd32000}: Found class java.lang.Object, but interface was expected> (0x000000070fd32000) 
thrown [s\open\src\hotspot\share\interpreter\linkResolver.cpp, line 833]
Event: 1.610 Thread 0x000001bb29a21d10 Exception <a 'java/lang/NoSuchMethodError'{0x000000070fd384e0}: 'void java.lang.invoke.DirectMethodHandle$Holder.invokeStatic(java.lang.Object, java.lang.Object)'> (0x000000070fd384e0) 
thrown [s\open\src\hotspot\share\interpreter\linkResolver.cpp, line 766]

VM Operations (12 events):
Event: 0.212 Executing VM operation: HandshakeAllThreads
Event: 0.212 Executing VM operation: HandshakeAllThreads done
Event: 0.246 Executing VM operation: ChangeBreakpoints
Event: 0.246 Executing VM operation: ChangeBreakpoints done
Event: 1.089 Executing VM operation: ChangeBreakpoints
Event: 1.090 Executing VM operation: ChangeBreakpoints done
Event: 1.091 Executing VM operation: ChangeBreakpoints
Event: 1.091 Executing VM operation: ChangeBreakpoints done
Event: 1.481 Executing VM operation: HandshakeAllThreads
Event: 1.481 Executing VM operation: HandshakeAllThreads done
Event: 1.627 Executing VM operation: HandshakeAllThreads
Event: 1.627 Executing VM operation: HandshakeAllThreads done

Events (20 events):
Event: 0.083 Thread 0x000001bb3febbcc0 Thread added: 0x000001bb3febbcc0
Event: 0.083 Thread 0x000001bb3febc570 Thread added: 0x000001bb3febc570
Event: 0.083 Thread 0x000001bb3febce20 Thread added: 0x000001bb3febce20
Event: 0.084 Thread 0x000001bb3fef80e0 Thread added: 0x000001bb3fef80e0
Event: 0.198 Thread 0x000001bb3fe8b850 Thread added: 0x000001bb3fe8b850
Event: 0.214 Thread 0x000001bb44168440 Thread added: 0x000001bb44168440
Event: 0.215 Thread 0x000001bb3ff4de50 Thread added: 0x000001bb3ff4de50
Event: 0.244 Thread 0x000001bb441ad170 Thread added: 0x000001bb441ad170
Event: 0.245 Thread 0x000001bb441c7030 Thread added: 0x000001bb441c7030
Event: 0.246 Thread 0x000001bb441c7510 Thread added: 0x000001bb441c7510
Event: 1.070 Thread 0x000001bb3ff4de50 Thread exited: 0x000001bb3ff4de50
Event: 1.071 Thread 0x000001bb44168440 Thread exited: 0x000001bb44168440
Event: 1.097 Loaded shared library C:\Program Files\Java\jdk-18.0.1.1\bin\instrument.dll
Event: 1.133 Thread 0x000001bb441ff620 Thread added: 0x000001bb441ff620
Event: 1.178 Loaded shared library C:\Program Files\Java\jdk-18.0.1.1\bin\jimage.dll
Event: 1.231 Loaded shared library C:\Program Files\Java\jdk-18.0.1.1\bin\net.dll
Event: 1.233 Loaded shared library C:\Program Files\Java\jdk-18.0.1.1\bin\nio.dll
Event: 1.254 Loaded shared library C:\Program Files\Java\jdk-18.0.1.1\bin\zip.dll
Event: 1.543 Loaded shared library C:\Program Files\Java\jdk-18.0.1.1\bin\management.dll
Event: 1.586 Loaded shared library C:\Program Files\Java\jdk-18.0.1.1\bin\management_ext.dll


Dynamic libraries:
0x00007ff64abf0000 - 0x00007ff64ac00000 	C:\Program Files\Java\jdk-18.0.1.1\bin\java.exe
0x00007ff9839d0000 - 0x00007ff983bc8000 	C:\Windows\SYSTEM32\ntdll.dll
0x00007ff981b60000 - 0x00007ff981c1d000 	C:\Windows\System32\KERNEL32.DLL
0x00007ff981760000 - 0x00007ff981a2e000 	C:\Windows\System32\KERNELBASE.dll
0x00007ff981350000 - 0x00007ff981450000 	C:\Windows\System32\ucrtbase.dll
0x00007ff95e130000 - 0x00007ff95e14a000 	C:\Program Files\Java\jdk-18.0.1.1\bin\VCRUNTIME140.dll
0x00007ff95e150000 - 0x00007ff95e168000 	C:\Program Files\Java\jdk-18.0.1.1\bin\jli.dll
0x00007ff981fb0000 - 0x00007ff98205e000 	C:\Windows\System32\ADVAPI32.dll
0x00007ff982eb0000 - 0x00007ff982f4e000 	C:\Windows\System32\msvcrt.dll
0x00007ff981dd0000 - 0x00007ff981e6c000 	C:\Windows\System32\sechost.dll
0x00007ff981e80000 - 0x00007ff981fa5000 	C:\Windows\System32\RPCRT4.dll
0x00007ff982340000 - 0x00007ff9824e0000 	C:\Windows\System32\USER32.dll
0x00007ff981160000 - 0x00007ff981182000 	C:\Windows\System32\win32u.dll
0x00007ff983120000 - 0x00007ff98314a000 	C:\Windows\System32\GDI32.dll
0x00007ff981240000 - 0x00007ff98134b000 	C:\Windows\System32\gdi32full.dll
0x00007ff9816c0000 - 0x00007ff98175d000 	C:\Windows\System32\msvcp_win.dll
0x00007ff96ccc0000 - 0x00007ff96cf5a000 	C:\Windows\WinSxS\amd64_microsoft.windows.common-controls_6595b64144ccf1df_6.0.19041.1110_none_60b5254171f9507e\COMCTL32.dll
0x00007ff978e30000 - 0x00007ff978e3a000 	C:\Windows\SYSTEM32\VERSION.dll
0x00007ff982fd0000 - 0x00007ff983000000 	C:\Windows\System32\IMM32.DLL
0x00007ff95e120000 - 0x00007ff95e12c000 	C:\Program Files\Java\jdk-18.0.1.1\bin\vcruntime140_1.dll
0x00007ff95e090000 - 0x00007ff95e11d000 	C:\Program Files\Java\jdk-18.0.1.1\bin\msvcp140.dll
0x00007ff95b360000 - 0x00007ff95bf70000 	C:\Program Files\Java\jdk-18.0.1.1\bin\server\jvm.dll
0x00007ff981e70000 - 0x00007ff981e78000 	C:\Windows\System32\PSAPI.DLL
0x00007ff9771f0000 - 0x00007ff977217000 	C:\Windows\SYSTEM32\WINMM.dll
0x00007ff961420000 - 0x00007ff961429000 	C:\Windows\SYSTEM32\WSOCK32.dll
0x00007ff983000000 - 0x00007ff98306b000 	C:\Windows\System32\WS2_32.dll
0x00007ff97efd0000 - 0x00007ff97efe2000 	C:\Windows\SYSTEM32\kernel.appcore.dll
0x00007ff95e080000 - 0x00007ff95e08a000 	C:\Program Files\Java\jdk-18.0.1.1\bin\jimage.dll
0x00007ff96df90000 - 0x00007ff96e174000 	C:\Windows\SYSTEM32\DBGHELP.DLL
0x00007ff9679c0000 - 0x00007ff9679ec000 	C:\Windows\SYSTEM32\dbgcore.DLL
0x00007ff981450000 - 0x00007ff9814d2000 	C:\Windows\System32\bcryptPrimitives.dll
0x00007ff933a60000 - 0x00007ff933a9b000 	C:\Program Files\Java\jdk-18.0.1.1\bin\jdwp.dll
0x00007ff976860000 - 0x00007ff97686e000 	C:\Program Files\Java\jdk-18.0.1.1\bin\instrument.dll
0x00007ff95e050000 - 0x00007ff95e075000 	C:\Program Files\Java\jdk-18.0.1.1\bin\java.dll
0x00007ff95ded0000 - 0x00007ff95dee8000 	C:\Program Files\Java\jdk-18.0.1.1\bin\zip.dll
0x00007ff95df70000 - 0x00007ff95e046000 	C:\Program Files\Java\jdk-18.0.1.1\bin\jsvml.dll
0x00007ff9824e0000 - 0x00007ff982c24000 	C:\Windows\System32\SHELL32.dll
0x00007ff97f1d0000 - 0x00007ff97f964000 	C:\Windows\SYSTEM32\windows.storage.dll
0x00007ff9835d0000 - 0x00007ff983924000 	C:\Windows\System32\combase.dll
0x00007ff9809a0000 - 0x00007ff9809d0000 	C:\Windows\SYSTEM32\Wldp.dll
0x00007ff981cb0000 - 0x00007ff981d5d000 	C:\Windows\System32\SHCORE.dll
0x00007ff982060000 - 0x00007ff9820b5000 	C:\Windows\System32\shlwapi.dll
0x00007ff981030000 - 0x00007ff98104f000 	C:\Windows\SYSTEM32\profapi.dll
0x00007ff960490000 - 0x00007ff96049c000 	C:\Program Files\Java\jdk-18.0.1.1\bin\dt_socket.dll
0x00007ff980490000 - 0x00007ff9804cb000 	C:\Windows\SYSTEM32\IPHLPAPI.DLL
0x00007ff980780000 - 0x00007ff9807ea000 	C:\Windows\system32\mswsock.dll
0x00007ff95df10000 - 0x00007ff95df23000 	C:\Program Files\Java\jdk-18.0.1.1\bin\net.dll
0x00007ff978020000 - 0x00007ff97812a000 	C:\Windows\SYSTEM32\WINHTTP.dll
0x00007ff95def0000 - 0x00007ff95df06000 	C:\Program Files\Java\jdk-18.0.1.1\bin\nio.dll
0x00007ff9804d0000 - 0x00007ff98059a000 	C:\Windows\SYSTEM32\DNSAPI.dll
0x00007ff981dc0000 - 0x00007ff981dc8000 	C:\Windows\System32\NSI.dll
0x00007ff974e10000 - 0x00007ff974e1a000 	C:\Windows\System32\rasadhlp.dll
0x00007ff977d10000 - 0x00007ff977d90000 	C:\Windows\System32\fwpuclnt.dll
0x00007ff981690000 - 0x00007ff9816b7000 	C:\Windows\System32\bcrypt.dll
0x00007ff960480000 - 0x00007ff960489000 	C:\Program Files\Java\jdk-18.0.1.1\bin\management.dll
0x00007ff95db00000 - 0x00007ff95db0b000 	C:\Program Files\Java\jdk-18.0.1.1\bin\management_ext.dll

dbghelp: loaded successfully - version: 4.0.5 - missing functions: none
symbol engine: initialized successfully - sym options: 0x614 - pdb path: .;C:\Program Files\Java\jdk-18.0.1.1\bin;C:\Windows\SYSTEM32;C:\Windows\WinSxS\amd64_microsoft.windows.common-controls_6595b64144ccf1df_6.0.19041.1110_none_60b5254171f9507e;C:\Program Files\Java\jdk-18.0.1.1\bin\server

VM Arguments:
jvm_args: -agentlib:jdwp=transport=dt_socket,address=127.0.0.1:61906,suspend=y,server=n -XX:TieredStopAtLevel=1 -Dspring.output.ansi.enabled=always -Dcom.sun.management.jmxremote -Dspring.jmx.enabled=true -Dspring.liveBeansView.mbeanDomain -Dspring.application.admin.enabled=true -javaagent:C:\Users\andre\AppData\Local\JetBrains\Toolbox\apps\IDEA-U\ch-0\222.3345.118\plugins\java\lib\rt\debugger-agent.jar -Dfile.encoding=UTF-8 
java_command: com.example.homework.HomeworkApplication
java_class_path (initial): D:\IT Step Academy\Java\Homeworks\Homework_7\ExamAttempt_2\target\classes;C:\Users\andre\.m2\repository\org\springdoc\springdoc-openapi-ui\1.6.9\springdoc-openapi-ui-1.6.9.jar;C:\Users\andre\.m2\repository\org\springdoc\springdoc-openapi-webmvc-core\1.6.9\springdoc-openapi-webmvc-core-1.6.9.jar;C:\Users\andre\.m2\repository\org\springdoc\springdoc-openapi-common\1.6.9\springdoc-openapi-common-1.6.9.jar;C:\Users\andre\.m2\repository\io\swagger\core\v3\swagger-core\2.2.0\swagger-core-2.2.0.jar;C:\Users\andre\.m2\repository\org\apache\commons\commons-lang3\3.12.0\commons-lang3-3.12.0.jar;C:\Users\andre\.m2\repository\com\fasterxml\jackson\dataformat\jackson-dataformat-yaml\2.13.3\jackson-dataformat-yaml-2.13.3.jar;C:\Users\andre\.m2\repository\io\swagger\core\v3\swagger-annotations\2.2.0\swagger-annotations-2.2.0.jar;C:\Users\andre\.m2\repository\io\swagger\core\v3\swagger-models\2.2.0\swagger-models-2.2.0.jar;C:\Users\andre\.m2\repository\jakarta\validation\jakarta.validation-api\2.0.2\jakarta.validation-api-2.0.2.jar;C:\Users\andre\.m2\repository\org\webjars\swagger-ui\4.11.1\swagger-ui-4.11.1.jar;C:\Users\andre\.m2\repository\org\webjars\webjars-locator-core\0.50\webjars-locator-core-0.50.jar;C:\Users\andre\.m2\repository\org\slf4j\slf4j-api\1.7.36\slf4j-api-1.7.36.jar;C:\Users\andre\.m2\repository\com\fasterxml\jackson\core\jackson-core\2.13.3\jackson-core-2.13.3.jar;C:\Users\andre\.m2\repository\io\github\classgraph\classgraph\4.8.147\classgraph-4.8.147.jar;C:\Users\andre\.m2\repository\org\springdoc\springdoc-openapi-data-rest\1.6.9\springdoc-openapi-data-rest-1.6.9.jar;C:\Users\andre\.m2\repository\org\springdoc\springdoc-openapi-hateoas\1.6.9\springdoc-openapi-hateoas-1.6.9.jar;C:\Users\andre\.m2\repository\org\springframework\hateoas\spring-hateoas\1.5.1\spring-hateoas-1.5.1.jar;C:\Users\andre\.m2\repository\org\springframework\data\spring-data-rest-core\3.7.1\spring-data-rest-core-3.7.1.jar;C:\Users\andre\.m2\repository\org\springframework\spring-tx\5.3.21\spring-tx-5.3.21.jar;C:\Users\andre\.m2\repository\org\springframework\data\spring-data-commons\2.7.1\spring-data-commons-2.7.1.jar;C:\Users\andre\.m2\repository\org\springframework\plugin\spring-plugin-core\2.0.0.RELEASE\spring-plugin-core-2.0.0.RELEASE.jar;C:\Users\andre\.m2\repository\org\atteo\evo-inflector\1.3\evo-inflector-1.3.jar;C:\Users\andre\.m2\repository\com\fasterxml\jackson\core\jackson-annotations\2.13.3\jackson-annotations-2.13.3.jar;C:\Users\andre\.m2\repository\com\fasterxml\jackson\datatype\jackson-datatype-jdk8\2.13.3\jackson-datatype-jdk8-2.13.3.jar;C:\Users\andre\.m2\repository\org\springframework\boot\spring-boot-starter-data-jpa\2.7.1\spring-boot-starter-data-jpa-2.7.1.jar;C:\Users\andre\.m2\repository\org\springframework\boot\spring-boot-starter-aop\2.7.1\spring-boot-starter-aop-2.7.1.jar;C:\Users\andre\.m2\repository\org\springframework\spring-aop\5.3.21\spring-aop-5.3.21.jar;C:\Users\andre\.m2\repository\org\aspectj\aspectjweaver\1.9.7\aspectjweaver-1.9.7.jar;C:\Users\andre\.m2\repository\org\springframework\boot\spring-boot-starter-jdbc\2.7.1\spring-boot-starter-jdbc-2.7.1.jar;C:\Users\andre\.m2\repository\com\zaxxer\HikariCP\4.0.3\HikariCP-4.0.3.jar;C:\Users\andre\.m2\repository\org\springframework\spring-jdbc\5.3.21\spring-jdbc-5.3.21.jar;C:\Users\andre\.m2\repository\jakarta\transaction\jakarta.transaction-api\1.3.3\jakarta.transaction-api-1.3.3.jar;C:\Users\andre\.m2\repository\jakarta\persistence\jakarta.persistence-api\2.2.3\jakarta.persistence-api-2.2.3.jar;C:\Users\andre\.m2\repository\org\hibernate\hibernate-core\5.6.9.Final\hibernate-core-5.6.9.Final.jar;C:\Users\andre\.m2\repository\org\jboss\logging\jboss-logging\3.4.3.Final\jboss-logging-3.4.3.Final.jar;C:\Users\andre\.m2\repository\net\bytebuddy\byte-buddy\1.12.11\byte-buddy-1.12.11.jar;C:\Users\andre\.m2\repository\antlr\antlr\2.7.7\antlr-2.7.7.jar;C:\Users\andre\.m2\repository\org\jboss\jandex\2.4.2.Final\jandex-2.4.2.Final.jar;C:\Users\andre\.m2\repository\com\fasterxml\classmate\1.5.1\classmate-1.5.1.jar;C:\Users\andre\.m2\repository\org\hibernate\common\hibernate-commons-annotations\5.1.2.Final\hibernate-commons-annotations-5.1.2.Final.jar;C:\Users\andre\.m2\repository\org\glassfish\jaxb\jaxb-runtime\2.3.6\jaxb-runtime-2.3.6.jar;C:\Users\andre\.m2\repository\org\glassfish\jaxb\txw2\2.3.6\txw2-2.3.6.jar;C:\Users\andre\.m2\repository\com\sun\istack\istack-commons-runtime\3.0.12\istack-commons-runtime-3.0.12.jar;C:\Users\andre\.m2\repository\com\sun\activation\jakarta.activation\1.2.2\jakarta.activation-1.2.2.jar;C:\Users\andre\.m2\repository\org\springframework\data\spring-data-jpa\2.7.1\spring-data-jpa-2.7.1.jar;C:\Users\andre\.m2\repository\org\springframework\spring-orm\5.3.21\spring-orm-5.3.21.jar;C:\Users\andre\.m2\repository\org\springframework\spring-context\5.3.21\spring-context-5.3.21.jar;C:\Users\andre\.m2\repository\org\springframework\spring-beans\5.3.21\spring-beans-5.3.21.jar;C:\Users\andre\.m2\repository\org\springframework\spring-aspects\5.3.21\spring-aspects-5.3.21.jar;C:\Users\andre\.m2\repository\org\springframework\boot\spring-boot-starter-web\2.7.1\spring-boot-starter-web-2.7.1.jar;C:\Users\andre\.m2\repository\org\springframework\boot\spring-boot-starter\2.7.1\spring-boot-starter-2.7.1.jar;C:\Users\andre\.m2\repository\org\springframework\boot\spring-boot\2.7.1\spring-boot-2.7.1.jar;C:\Users\andre\.m2\repository\org\springframework\boot\spring-boot-autoconfigure\2.7.1\spring-boot-autoconfigure-2.7.1.jar;C:\Users\andre\.m2\repository\org\springframework\boot\spring-boot-starter-logging\2.7.1\spring-boot-starter-logging-2.7.1.jar;C:\Users\andre\.m2\repository\ch\qos\logback\logback-classic\1.2.11\logback-classic-1.2.11.jar;C:\Users\andre\.m2\repository\ch\qos\logback\logback-core\1.2.11\logback-core-1.2.11.jar;C:\Users\andre\.m2\repository\org\apache\logging\log4j\log4j-to-slf4j\2.17.2\log4j-to-slf4j-2.17.2.jar;C:\Users\andre\.m2\repository\org\apache\logging\log4j\log4j-api\2.17.2\log4j-api-2.17.2.jar;C:\Users\andre\.m2\repository\org\slf4j\jul-to-slf4j\1.7.36\jul-to-slf4j-1.7.36.jar;C:\Users\andre\.m2\repository\jakarta\annotation\jakarta.annotation-api\1.3.5\jakarta.annotation-api-1.3.5.jar;C:\Users\andre\.m2\repository\org\yaml\snakeyaml\1.30\snakeyaml-1.30.jar;C:\Users\andre\.m2\repository\org\springframework\boot\spring-boot-starter-json\2.7.1\spring-boot-starter-json-2.7.1.jar;C:\Users\andre\.m2\repository\com\fasterxml\jackson\core\jackson-databind\2.13.3\jackson-databind-2.13.3.jar;C:\Users\andre\.m2\repository\com\fasterxml\jackson\datatype\jackson-datatype-jsr310\2.13.3\jackson-datatype-jsr310-2.13.3.jar;C:\Users\andre\.m2\repository\com\fasterxml\jackson\module\jackson-module-parameter-names\2.13.3\jackson-module-parameter-names-2.13.3.jar;C:\Users\andre\.m2\repository\org\springframework\boot\spring-boot-starter-tomcat\2.7.1\spring-boot-starter-tomcat-2.7.1.jar;C:\Users\andre\.m2\repository\org\apache\tomcat\embed\tomcat-embed-core\9.0.64\tomcat-embed-core-9.0.64.jar;C:\Users\andre\.m2\repository\org\apache\tomcat\embed\tomcat-embed-el\9.0.64\tomcat-embed-el-9.0.64.jar;C:\Users\andre\.m2\repository\org\apache\tomcat\embed\tomcat-embed-websocket\9.0.64\tomcat-embed-websocket-9.0.64.jar;C:\Users\andre\.m2\repository\org\springframework\spring-web\5.3.21\spring-web-5.3.21.jar;C:\Users\andre\.m2\repository\org\springframework\spring-webmvc\5.3.21\spring-webmvc-5.3.21.jar;C:\Users\andre\.m2\repository\org\springframework\spring-expression\5.3.21\spring-expression-5.3.21.jar;C:\Users\andre\.m2\repository\org\postgresql\postgresql\42.3.6\postgresql-42.3.6.jar;C:\Users\andre\.m2\repository\org\checkerframework\checker-qual\3.5.0\checker-qual-3.5.0.jar;C:\Users\andre\.m2\repository\org\projectlombok\lombok\1.18.24\lombok-1.18.24.jar;C:\Users\andre\.m2\repository\com\jayway\jsonpath\json-path\2.7.0\json-path-2.7.0.jar;C:\Users\andre\.m2\repository\net\minidev\json-smart\2.4.8\json-smart-2.4.8.jar;C:\Users\andre\.m2\repository\net\minidev\accessors-smart\2.4.8\accessors-smart-2.4.8.jar;C:\Users\andre\.m2\repository\org\ow2\asm\asm\9.1\asm-9.1.jar;C:\Users\andre\.m2\repository\jakarta\xml\bind\jakarta.xml.bind-api\2.3.3\jakarta.xml.bind-api-2.3.3.jar;C:\Users\andre\.m2\repository\jakarta\activation\jakarta.activation-api\1.2.2\jakarta.activation-api-1.2.2.jar;C:\Users\andre\.m2\repository\org\springframework\spring-core\5.3.21\spring-core-5.3.21.jar;C:\Users\andre\.m2\repository\org\springframework\spring-jcl\5.3.21\spring-jcl-5.3.21.jar;C:\Users\andre\.m2\repository\org\mapstruct\mapstruct\1.5.2.Final\mapstruct-1.5.2.Final.jar;C:\Users\andre\.m2\repository\io\swagger\swagger-annotations\1.6.6\swagger-annotations-1.6.6.jar;C:\Users\andre\AppData\Local\JetBrains\Toolbox\apps\IDEA-U\ch-0\222.3345.118\lib\idea_rt.jar
Launcher Type: SUN_STANDARD

[Global flags]
     intx CICompilerCount                          = 3                                         {product} {ergonomic}
     uint ConcGCThreads                            = 1                                         {product} {ergonomic}
     uint G1ConcRefinementThreads                  = 4                                         {product} {ergonomic}
   size_t G1HeapRegionSize                         = 2097152                                   {product} {ergonomic}
    uintx GCDrainStackTargetSize                   = 64                                        {product} {ergonomic}
   size_t InitialHeapSize                          = 268435456                                 {product} {ergonomic}
     bool ManagementServer                         = true                                      {product} {command line}
   size_t MarkStackSize                            = 4194304                                   {product} {ergonomic}
   size_t MaxHeapSize                              = 4288675840                                {product} {ergonomic}
   size_t MaxNewSize                               = 2573205504                                {product} {ergonomic}
   size_t MinHeapDeltaBytes                        = 2097152                                   {product} {ergonomic}
   size_t MinHeapSize                              = 8388608                                   {product} {ergonomic}
    uintx NonProfiledCodeHeapSize                  = 0                                      {pd product} {ergonomic}
     bool ProfileInterpreter                       = false                                  {pd product} {command line}
    uintx ProfiledCodeHeapSize                     = 0                                      {pd product} {ergonomic}
   size_t SoftMaxHeapSize                          = 4288675840                             {manageable} {ergonomic}
     intx TieredStopAtLevel                        = 1                                         {product} {command line}
     bool UseCompressedClassPointers               = true                           {product lp64_product} {ergonomic}
     bool UseCompressedOops                        = true                           {product lp64_product} {ergonomic}
     bool UseG1GC                                  = true                                      {product} {ergonomic}
     bool UseLargePagesIndividualAllocation        = false                                  {pd product} {ergonomic}

Logging:
Log output configuration:
 #0: stdout all=warning uptime,level,tags foldmultilines=false
 #1: stderr all=off uptime,level,tags foldmultilines=false

Environment Variables:
JAVA_HOME=C:\Program Files\Java\jdk-18.0.1.1
PATH=C:\Windows\system32;C:\Windows;C:\Windows\System32\Wbem;C:\Windows\System32\WindowsPowerShell\v1.0\;C:\Windows\System32\OpenSSH\;C:\Program Files\dotnet\;C:\Program Files (x86)\Microsoft SQL Server\150\Tools\Binn\;C:\Program Files\Microsoft SQL Server\150\Tools\Binn\;C:\Program Files (x86)\Microsoft SQL Server\150\DTS\Binn\;C:\Program Files\Microsoft SQL Server\150\DTS\Binn\;C:\Program Files\Microsoft SQL Server\Client SDK\ODBC\170\Tools\Binn\;C:\Program Files\Azure Data Studio\bin;C:\Program Files\NVIDIA Corporation\NVIDIA NvDLISR;C:\Program Files (x86)\NVIDIA Corporation\PhysX\Common;C:\Program Files\Java\jdk-18.0.1.1\bin;C:\Program Files\nodejs\;C:\Program Files\Docker\Docker\resources\bin;C:\ProgramData\DockerDesktop\version-bin;C:\Program Files\Git\cmd;C:\Users\andre\AppData\Local\Microsoft\WindowsApps;C:\Users\andre\.dotnet\tools;C:\Program Files\Azure Data Studio\bin;C:\Users\andre\AppData\Local\JetBrains\Toolbox\scripts;C:\Users\andre\AppData\Local\Programs\Microsoft VS Code\bin;C:\Users\andre\.dotnet\tools;C:\Users\andre\AppData\Roaming\npm;
USERNAME=andre
OS=Windows_NT
PROCESSOR_IDENTIFIER=AMD64 Family 18 Model 1 Stepping 0, AuthenticAMD



---------------  S Y S T E M  ---------------

OS:
 Windows 10 , 64 bit Build 19041 (10.0.19041.1889)
OS uptime: 3 days 4:38 hours
Hyper-V role detected

CPU: total 4 (initial active 4) (4 cores per cpu, 1 threads per core) family 18 model 1 stepping 0 microcode 0x0, cx8, cmov, fxsr, mmx, 3dnowpref, sse, sse2, sse3, sse4a, popcnt, lzcnt, tsc, tscinvbit, clflush, hv

Memory: 4k page, system-wide physical 16359M (7018M free)
TotalPageFile size 21991M (AvailPageFile size 7298M)
current process WorkingSet (physical memory assigned to process): 46M, peak: 46M
current process commit charge ("private bytes"): 336M, peak: 336M

vm_info: Java HotSpot(TM) 64-Bit Server VM (18.0.1.1+2-6) for windows-amd64 JRE (18.0.1.1+2-6), built on Apr 25 2022 21:53:15 by "mach5one" with MS VC++ 16.8 / 16.9 (VS2019)

END.
